=================================== FAILURES ===================================
_________________ test_filter_out_agents_install_single_agent __________________
tests/filters_test.py:51: in test_filter_out_agents_install_single_agent
    assert agent_file.exists()
E   AssertionError: assert False
E    +  where False = exists()
E    +    where exists = PosixPath('/tmp/pytest-of-sam/pytest-1/test_filter_out_agents_install0/agents/test_agent.yml').exists
________________ test_filter_out_agents_install_multiple_agents ________________
tests/filters_test.py:90: in test_filter_out_agents_install_multiple_agents
    assert (agents_path / "agent1.yml").exists()
E   AssertionError: assert False
E    +  where False = exists()
E    +    where exists = (PosixPath('/tmp/pytest-of-sam/pytest-1/test_filter_out_agents_install1/agents') / 'agent1.yml').exists
___________________ test_filter_out_image_prompts_no_prompts ___________________
tests/filters_test.py:316: in test_filter_out_image_prompts_no_prompts
    result = subject.filter_out_image_prompts(response)
E   AttributeError: module 'filters' has no attribute 'filter_out_image_prompts'
_________________ test_filter_out_image_prompts_quoted_prompt __________________
tests/filters_test.py:323: in test_filter_out_image_prompts_quoted_prompt
    result = subject.filter_out_image_prompts(response)
E   AttributeError: module 'filters' has no attribute 'filter_out_image_prompts'
________________ test_filter_out_image_prompts_unquoted_prompt _________________
tests/filters_test.py:330: in test_filter_out_image_prompts_unquoted_prompt
    result = subject.filter_out_image_prompts(response)
E   AttributeError: module 'filters' has no attribute 'filter_out_image_prompts'
_____________________ test_filter_out_image_prompts_empty ______________________
tests/filters_test.py:336: in test_filter_out_image_prompts_empty
    result = subject.filter_out_image_prompts("")
E   AttributeError: module 'filters' has no attribute 'filter_out_image_prompts'
_______________ test_filter_out_image_prompts_removes_art_model ________________
tests/filters_test.py:343: in test_filter_out_image_prompts_removes_art_model
    result = subject.filter_out_image_prompts(response)
E   AttributeError: module 'filters' has no attribute 'filter_out_image_prompts'
______________ test_filter_out_image_prompts_removes_chat_prefix _______________
tests/filters_test.py:350: in test_filter_out_image_prompts_removes_chat_prefix
    result = subject.filter_out_image_prompts(response)
E   AttributeError: module 'filters' has no attribute 'filter_out_image_prompts'
